# JRE version: OpenJDK Runtime Environment Temurin-17.0.6+10 (17.0.6+10) (build 17.0.6+10)
# Java VM: OpenJDK 64-Bit Server VM Temurin-17.0.6+10 (17.0.6+10, mixed mode, emulated-client, tiered, compressed oops, compressed class ptrs, g1 gc, windows-amd64)
GC Precious Log:
 CPUs: 8 total, 8 available
 Memory: 7890M
 Large Page Support: Disabled
 NUMA Support: Disabled
 Compressed Oops: Enabled (32-bit)
 Heap Region Size: 1M
 Heap Min Capacity: 8M
 Heap Initial Capacity: 124M
 Heap Max Capacity: 1G
 Pre-touch: Disabled
 Parallel Workers: 8
 Concurrent Workers: 2
 Concurrent Refinement Workers: 8
 Periodic GC: Disabled
Heap:
 garbage-first heap   total 280576K, used 84180K [0x00000000c0000000, 0x0000000100000000)
  region size 1024K, 1 young (1024K), 0 survivors (0K)
 Metaspace       used 71640K, committed 72448K, reserved 1114112K
  class space    used 9795K, committed 10112K, reserved 1048576K
GC Heap History (20 events):
Event: 7217.496 GC heap before
{Heap before GC invocations=694 (full 647):
 garbage-first heap   total 280576K, used 84180K [0x00000000c0000000, 0x0000000100000000)
  region size 1024K, 1 young (1024K), 0 survivors (0K)
 Metaspace       used 71640K, committed 72448K, reserved 1114112K
  class space    used 9795K, committed 10112K, reserved 1048576K
}
Event: 7217.558 GC heap after
{Heap after GC invocations=695 (full 648):
 garbage-first heap   total 280576K, used 84180K [0x00000000c0000000, 0x0000000100000000)
  region size 1024K, 0 young (0K), 0 survivors (0K)
 Metaspace       used 71640K, committed 72448K, reserved 1114112K
  class space    used 9795K, committed 10112K, reserved 1048576K
}
Event: 7227.777 GC heap before
{Heap before GC invocations=695 (full 648):
 garbage-first heap   total 280576K, used 84180K [0x00000000c0000000, 0x0000000100000000)
  region size 1024K, 1 young (1024K), 0 survivors (0K)
 Metaspace       used 71640K, committed 72448K, reserved 1114112K
  class space    used 9795K, committed 10112K, reserved 1048576K
}
Event: 7227.848 GC heap after
{Heap after GC invocations=696 (full 649):
 garbage-first heap   total 280576K, used 84180K [0x00000000c0000000, 0x0000000100000000)
  region size 1024K, 0 young (0K), 0 survivors (0K)
 Metaspace       used 71640K, committed 72448K, reserved 1114112K
  class space    used 9795K, committed 10112K, reserved 1048576K
}
Event: 7238.077 GC heap before
{Heap before GC invocations=696 (full 649):
 garbage-first heap   total 280576K, used 84180K [0x00000000c0000000, 0x0000000100000000)
  region size 1024K, 1 young (1024K), 0 survivors (0K)
 Metaspace       used 71640K, committed 72448K, reserved 1114112K
  class space    used 9795K, committed 10112K, reserved 1048576K
}
Event: 7238.141 GC heap after
{Heap after GC invocations=697 (full 650):
 garbage-first heap   total 280576K, used 84180K [0x00000000c0000000, 0x0000000100000000)
  region size 1024K, 0 young (0K), 0 survivors (0K)
 Metaspace       used 71640K, committed 72448K, reserved 1114112K
  class space    used 9795K, committed 10112K, reserved 1048576K
}
Event: 7248.368 GC heap before
{Heap before GC invocations=697 (full 650):
 garbage-first heap   total 280576K, used 84180K [0x00000000c0000000, 0x0000000100000000)
  region size 1024K, 1 young (1024K), 0 survivors (0K)
 Metaspace       used 71640K, committed 72448K, reserved 1114112K
  class space    used 9795K, committed 10112K, reserved 1048576K
}
Event: 7248.429 GC heap after
{Heap after GC invocations=698 (full 651):
 garbage-first heap   total 280576K, used 84180K [0x00000000c0000000, 0x0000000100000000)
  region size 1024K, 0 young (0K), 0 survivors (0K)
 Metaspace       used 71640K, committed 72448K, reserved 1114112K
  class space    used 9795K, committed 10112K, reserved 1048576K
}
Event: 7258.629 GC heap before
{Heap before GC invocations=698 (full 651):
 garbage-first heap   total 280576K, used 84180K [0x00000000c0000000, 0x0000000100000000)
  region size 1024K, 1 young (1024K), 0 survivors (0K)
 Metaspace       used 71640K, committed 72448K, reserved 1114112K
  class space    used 9795K, committed 10112K, reserved 1048576K
}
Event: 7258.688 GC heap after
{Heap after GC invocations=699 (full 652):
 garbage-first heap   total 280576K, used 84180K [0x00000000c0000000, 0x0000000100000000)
  region size 1024K, 0 young (0K), 0 survivors (0K)
 Metaspace       used 71640K, committed 72448K, reserved 1114112K
  class space    used 9795K, committed 10112K, reserved 1048576K
}
Event: 7268.890 GC heap before
{Heap before GC invocations=699 (full 652):
 garbage-first heap   total 280576K, used 84180K [0x00000000c0000000, 0x0000000100000000)
  region size 1024K, 1 young (1024K), 0 survivors (0K)
 Metaspace       used 71640K, committed 72448K, reserved 1114112K
  class space    used 9795K, committed 10112K, reserved 1048576K
}
Event: 7268.953 GC heap after
{Heap after GC invocations=700 (full 653):
 garbage-first heap   total 280576K, used 84180K [0x00000000c0000000, 0x0000000100000000)
  region size 1024K, 0 young (0K), 0 survivors (0K)
 Metaspace       used 71640K, committed 72448K, reserved 1114112K
  class space    used 9795K, committed 10112K, reserved 1048576K
}
Event: 7279.143 GC heap before
{Heap before GC invocations=700 (full 653):
 garbage-first heap   total 280576K, used 84180K [0x00000000c0000000, 0x0000000100000000)
  region size 1024K, 1 young (1024K), 0 survivors (0K)
 Metaspace       used 71640K, committed 72448K, reserved 1114112K
  class space    used 9795K, committed 10112K, reserved 1048576K
}
Event: 7279.191 GC heap after
{Heap after GC invocations=701 (full 654):
 garbage-first heap   total 280576K, used 84180K [0x00000000c0000000, 0x0000000100000000)
  region size 1024K, 0 young (0K), 0 survivors (0K)
 Metaspace       used 71640K, committed 72448K, reserved 1114112K
  class space    used 9795K, committed 10112K, reserved 1048576K
}
Event: 7289.431 GC heap before
{Heap before GC invocations=701 (full 654):
 garbage-first heap   total 280576K, used 84180K [0x00000000c0000000, 0x0000000100000000)
  region size 1024K, 1 young (1024K), 0 survivors (0K)
 Metaspace       used 71640K, committed 72448K, reserved 1114112K
  class space    used 9795K, committed 10112K, reserved 1048576K
}
Event: 7289.498 GC heap after
{Heap after GC invocations=702 (full 655):
 garbage-first heap   total 280576K, used 84180K [0x00000000c0000000, 0x0000000100000000)
  region size 1024K, 0 young (0K), 0 survivors (0K)
 Metaspace       used 71640K, committed 72448K, reserved 1114112K
  class space    used 9795K, committed 10112K, reserved 1048576K
}
Event: 7299.705 GC heap before
{Heap before GC invocations=702 (full 655):
 garbage-first heap   total 280576K, used 84180K [0x00000000c0000000, 0x0000000100000000)
  region size 1024K, 1 young (1024K), 0 survivors (0K)
 Metaspace       used 71640K, committed 72448K, reserved 1114112K
  class space    used 9795K, committed 10112K, reserved 1048576K
}
Event: 7299.755 GC heap after
{Heap after GC invocations=703 (full 656):
 garbage-first heap   total 280576K, used 84180K [0x00000000c0000000, 0x0000000100000000)
  region size 1024K, 0 young (0K), 0 survivors (0K)
 Metaspace       used 71640K, committed 72448K, reserved 1114112K
  class space    used 9795K, committed 10112K, reserved 1048576K
}
Event: 7309.968 GC heap before
{Heap before GC invocations=703 (full 656):
 garbage-first heap   total 280576K, used 84180K [0x00000000c0000000, 0x0000000100000000)
  region size 1024K, 1 young (1024K), 0 survivors (0K)
 Metaspace       used 71640K, committed 72448K, reserved 1114112K
  class space    used 9795K, committed 10112K, reserved 1048576K
}
Event: 7310.029 GC heap after
{Heap after GC invocations=704 (full 657):
 garbage-first heap   total 280576K, used 84180K [0x00000000c0000000, 0x0000000100000000)
  region size 1024K, 0 young (0K), 0 survivors (0K)
 Metaspace       used 71640K, committed 72448K, reserved 1114112K
  class space    used 9795K, committed 10112K, reserved 1048576K
}

